<?xml version="1.0" encoding="UTF-8"?>
<testng-results ignored="0" total="1" passed="1" failed="0" skipped="0">
  <reporter-output>
  </reporter-output>
  <suite started-at="2021-09-05T19:32:23 IST" name="Default suite" finished-at="2021-09-05T19:32:23 IST" duration-ms="97">
    <groups>
    </groups>
    <test started-at="2021-09-05T19:32:23 IST" name="Default test" finished-at="2021-09-05T19:32:23 IST" duration-ms="97">
      <class name="TestScript.Script">
        <test-method signature="testngexamplee()[pri:0, instance:TestScript.Script@5552768b]" started-at="2021-09-05T19:32:23 IST" name="testngexamplee" finished-at="2021-09-05T19:32:23 IST" duration-ms="18" status="PASS">
          <reporter-output>
          </reporter-output>
        </test-method> <!-- testngexamplee -->
      </class> <!-- TestScript.Script -->
    </test> <!-- Default test -->
  </suite> <!-- Default suite -->
</testng-results>
